INFO - [♥] Lovely 0.8.0
INFO - [♥] Game directory is at "C:\\Users\\Lucas\\Desktop\\balatro_balatrito"
INFO - [♥] Writing logs to "C:\\Users\\Lucas\\AppData\\Roaming\\Balatro\\Mods\\lovely\\log"
INFO - [♥] Using mod directory at "C:\\Users\\Lucas\\AppData\\Roaming\\Balatro\\Mods"
WARN - [♥] Unknown key `patches.20.?.match_indent` found in patch file at "C:\\Users\\Lucas\\AppData\\Roaming\\Balatro\\Mods\\Cryptid\\lovely\\code.toml", ignoring it
WARN - [♥] Unknown key `patches.49.?.match_indent` found in patch file at "C:\\Users\\Lucas\\AppData\\Roaming\\Balatro\\Mods\\Talisman\\lovely.toml", ignoring it
WARN - [♥] Unknown key `patches.52.?.match_indent` found in patch file at "C:\\Users\\Lucas\\AppData\\Roaming\\Balatro\\Mods\\Talisman\\lovely.toml", ignoring it
INFO - [♥] Cleaning up dumps directory at "C:\\Users\\Lucas\\AppData\\Roaming\\Balatro\\Mods\\lovely\\dump"
INFO - [♥] Initialization complete in 54ms
WARN - [♥] Pattern 'G.ARGS.score_intensity.organ = G.video_organ or G.ARGS.score_intensity.required_score > 0 and math.max(math.min(0.4, 0.1*math.log(G.ARGS.score_intensity.earned_score/(G.ARGS.score_intensity.required_score+1), 5)),0.) or 0' on target 'main.lua' for pattern patch from Talisman\lovely.toml resulted in no matches
WARN - [♥] Pattern 'if type(G.GAME.current_round.current_hand.chips) ~= \'number\' or type(G.GAME.current_round.current_hand.mult) ~= \'number\' then' on target 'main.lua' for pattern patch from Talisman\lovely.toml resulted in no matches
INFO - [♥] Applied 11 patches to 'main.lua'
INFO - [♥] Applied 2 patches to 'engine/string_packer.lua'
INFO - [♥] Applied 7 patches to 'engine/controller.lua'
INFO - [♥] Applied 15 patches to 'back.lua'
INFO - [♥] Applied 18 patches to 'tag.lua'
INFO - [♥] Applied 1 patch to 'engine/node.lua'
INFO - [♥] Applied 3 patches to 'engine/moveable.lua'
INFO - [♥] Applied 3 patches to 'engine/sprite.lua'
INFO - [♥] Applied 2 patches to 'engine/animatedsprite.lua'
WARN - [♥] Pattern 'assembled_string = assembled_string..(type(subpart) == \'string\' and subpart or args.vars[tonumber(subpart[1])] or \'ERROR\')' on target 'functions/misc_functions.lua' for pattern patch from Talisman\lovely.toml resulted in no matches
INFO - [♥] Applied 84 patches to 'functions/misc_functions.lua'
WARN - [♥] Regex 'card\\:start_materialize\\(\\)\\n\\s+G\\.shop_vouchers\\:emplace\\(card\\)\\n\\s+end' on target 'game.lua' for regex patch from Cryptid\lovely\Voucher.toml resulted in no matches
INFO - [♥] Applied 89 patches to 'game.lua'
INFO - [♥] Applied 1 patch to 'globals.lua'
INFO - [♥] Applied 8 patches to 'engine/ui.lua'
WARN - [♥] Pattern '{n=G.UIT.T, config={text = G.GAME.hands[handname].chips, scale = 0.45, colour = G.C.UI.TEXT_LIGHT}},' on target 'functions/UI_definitions.lua' for pattern patch from Talisman\lovely.toml resulted in no matches
WARN - [♥] Pattern '{n=G.UIT.T, config={text = G.GAME.hands[handname].mult, scale = 0.45, colour = G.C.UI.TEXT_LIGHT}}' on target 'functions/UI_definitions.lua' for pattern patch from Talisman\lovely.toml resulted in no matches
INFO - [♥] Applied 119 patches to 'functions/UI_definitions.lua'
WARN - [♥] Pattern 'ease_to = G.GAME.chips + math.floor(hand_chips * mult) * (e and e.antiscore and -1 or 1),' on target 'functions/state_events.lua' for pattern patch from Cryptid\lovely\blind.toml resulted in no matches
WARN - [♥] Pattern 'if reps[j] ~= 1 then' on target 'functions/state_events.lua' for pattern patch from Cryptid\lovely\misc.toml resulted in no matches
WARN - [♥] Pattern 'if effects[ii].card then' on target 'functions/state_events.lua' for pattern patch from Talisman\lovely.toml resulted in no matches
WARN - [♥] Pattern 'if effects.jokers.Xmult_mod then mult = mod_mult(mult*effects.jokers.Xmult_mod);extras.mult = true  end' on target 'functions/state_events.lua' for pattern patch from Talisman\lovely.toml resulted in no matches
WARN - [♥] Pattern 'if effect.Xmult_mod then mult = mod_mult(mult*effect.Xmult_mod);extras.mult = true  end' on target 'functions/state_events.lua' for pattern patch from Talisman\lovely.toml resulted in no matches
WARN - [♥] Pattern 'if effects[ii].message then' on target 'functions/state_events.lua' for pattern patch from Talisman\lovely.toml resulted in no matches
WARN - [♥] Pattern '--calculate the card edition effects' on target 'functions/state_events.lua' for pattern patch from Talisman\lovely.toml resulted in no matches
WARN - [♥] Pattern 'if effects[ii].edition.p_dollars_mod then' on target 'functions/state_events.lua' for pattern patch from Talisman\lovely.toml resulted in no matches
WARN - [♥] Pattern 'if edition_effects.jokers.x_mult_mod then' on target 'functions/state_events.lua' for pattern patch from Talisman\lovely.toml resulted in no matches
WARN - [♥] Pattern '\tfunc = (function() G.GAME.current_round.current_hand.handname = \'\';return true end)\n}))\ndelay(0.3)\n' on target 'functions/state_events.lua' for pattern patch from Talisman\lovely.toml resulted in no matches
WARN - [♥] Pattern 'if SMODS.has_enhancement(scoring_hand[i], \'m_glass\') and scoring_hand[i]:can_calculate() and pseudorandom(\'glass\') < G.GAME.probabilities.normal/(scoring_hand[i].ability.name == \'Glass Card\' and scoring_hand[i].ability.extra or G.P_CENTERS.m_glass.config.extra) then' on target 'functions/state_events.lua' for pattern patch from Cryptid\lovely\Probability.toml resulted in no matches
WARN - [♥] Regex '(?<indent>[\\t ]*)if destroyed then \\n' on target 'functions/state_events.lua' for regex patch from Cryptid\lovely\seal.toml resulted in no matches
INFO - [♥] Applied 98 patches to 'functions/state_events.lua'
WARN - [♥] Pattern 'if num_dollars > 60 then' on target 'functions/common_events.lua' for pattern patch from Talisman\lovely.toml resulted in no matches
WARN - [♥] Pattern 'func = (function() if eval_func(card) then if not first or first then card:juice_up(0.1, 0.1) end;juice_card_until(card, eval_func, nil, 0.8) end return true end)' on target 'functions/common_events.lua' for pattern patch from Talisman\lovely.toml resulted in no matches
INFO - [♥] Applied 200 patches to 'functions/common_events.lua'
WARN - [♥] Pattern 'if ((G.GAME.dollars-G.GAME.bankrupt_at) - 10 >= 0) and' on target 'functions/button_callbacks.lua' for pattern patch from Talisman\lovely.toml resulted in no matches
INFO - [♥] Applied 78 patches to 'functions/button_callbacks.lua'
WARN - [♥] Regex '(?<indent>[\\t ]*)local seal_type = pseudorandom\\(pseudoseed\\(\'certsl\'\\)\\)\n[\\n\\t ]*if seal_type > 0.75 then _card:set_seal\\(\'Red\', true\\)\n[\\n\\t ]*elseif seal_type > 0.5 then _card:set_seal\\(\'Blue\', true\\)\n[\\n\\t ]*elseif seal_type > 0.25 then _card:set_seal\\(\'Gold\', true\\)\n[\\n\\t ]*else _card:set_seal\\(\'Purple\', true\\)\n[\\n\\t ]*end' on target 'card.lua' for regex patch from smods\lovely\seal.toml resulted in no matches
WARN - [♥] Pattern 'if G.GAME.blind then G.E_MANAGER:add_event(Event({ func = function() G.GAME.blind:set_blind(nil, true, nil); return true end })) end' on target 'card.lua' for pattern patch from Talisman\lovely.toml resulted in no matches
WARN - [♥] Pattern 'x_mult = center.config.Xmult or 1,' on target 'card.lua' for pattern patch from Talisman\lovely.toml resulted in no matches
INFO - [♥] Applied 277 patches to 'card.lua'
INFO - [♥] Applied 21 patches to 'cardarea.lua'
INFO - [♥] Applied 43 patches to 'blind.lua'
INFO - [♥] Applied 2 patches to 'card_character.lua'
INFO - [♥] Applied 5 patches to 'engine/text.lua'
INFO - [♥] Applied 13 patches to '=[SMODS _ "src/utils.lua"]'
INFO - [♥] Applied 5 patches to '=[SMODS _ "src/overrides.lua"]'
INFO - [♥] Applied 2 patches to '=[SMODS _ "src/game_object.lua"]'
INFO - [G] Failed to connect to the debug server
INFO - [G] 2025-06-17 10:42:37 :: DEBUG :: DebugConsole :: Steamodded Debug Socket started !
INFO - [G] 2025-06-17 10:42:37 :: INFO  :: SMODS :: Steamodded v1.0.0~BETA-0615a
INFO - [♥] Applied 3 patches to 'engine/save_manager.lua'
INFO - [♥] Applied 9 patches to 'engine/sound_manager.lua'
INFO - [♥] Applied 2 patches to 'engine/string_packer.lua'
INFO - [♥] Applied 4 patches to '=[SMODS _ "src/card_draw.lua"]'
INFO - [G] 2025-06-17 10:42:39 :: INFO  :: Loader :: Valid JSON file found
INFO - [G] 2025-06-17 10:42:39 :: TRACE :: Loader :: Processing Mod file (Legacy header): steamodded_metadata.lua
INFO - [G] 2025-06-17 10:42:39 :: TRACE :: Loader :: Saving Mod Info: Talisman
INFO - [G] [CRYPTID] Loading library file ascended.lua
INFO - [G] [CRYPTID] Loading library file calculate.lua
INFO - [G] [CRYPTID] Loading library file content.lua
INFO - [G] [CRYPTID] Loading library file cross-mod.lua
INFO - [G] table: 0x0a0dd928
INFO - [G] table: 0x0a0de768
INFO - [G] [CRYPTID] Loading library file d20.lua
INFO - [G] [CRYPTID] Loading library file event.lua
INFO - [G] [CRYPTID] Loading library file forcetrigger.lua
INFO - [G] [CRYPTID] Loading library file gameset.lua
INFO - [G] [CRYPTID] Loading library file https.lua
INFO - [G] 2025-06-17 10:42:39 :: DEBUG :: SMODS.https :: Using https module backend
INFO - [G] [CRYPTID] Loading library file misc.lua
INFO - [G] [CRYPTID] Loading library file misprintize.lua
INFO - [G] [CRYPTID] Loading library file modifiers.lua
INFO - [G] 2025-06-17 10:42:39 :: WARN  :: Sticker :: Detected duplicate register call on object perishable
INFO - [G] 2025-06-17 10:42:39 :: WARN  :: Sticker :: Detected duplicate register call on object pinned
INFO - [G] 2025-06-17 10:42:39 :: WARN  :: Sticker :: Detected duplicate register call on object eternal
INFO - [G] 2025-06-17 10:42:39 :: WARN  :: Sticker :: Detected duplicate register call on object rental
INFO - [G] [CRYPTID] Loading library file notifications.lua
INFO - [G] [CRYPTID] Loading library file overrides.lua
INFO - [G] [CRYPTID] Loading library file pointerlib.lua
INFO - [G] [CRYPTID] Loading library file ui.lua
INFO - [G] [CRYPTID] Loading file achievement.lua
INFO - [G] [CRYPTID] Loading file blind.lua
INFO - [G] [CRYPTID] Loading file challenge.lua
INFO - [G] [CRYPTID] Loading file code.lua
INFO - [G] [CRYPTID] Loading file deck.lua
INFO - [G] [CRYPTID] Loading file enhanced.lua
INFO - [G] [CRYPTID] Loading file epic.lua
INFO - [G] [CRYPTID] Loading file exotic.lua
INFO - [G] [CRYPTID] Loading file joker_display.lua
INFO - [G] [CRYPTID] Loading file m.lua
INFO - [G] [CRYPTID] Loading file misc.lua
INFO - [G] [CRYPTID] Loading file misc_joker.lua
INFO - [G] [CRYPTID] Loading file planet.lua
INFO - [G] [CRYPTID] Loading file pointer.lua
INFO - [G] [CRYPTID] Loading file sleeve.lua
INFO - [G] [CRYPTID] Loading file spectral.lua
INFO - [G] [CRYPTID] Loading file spooky.lua
INFO - [G] [CRYPTID] Loading file stake.lua
INFO - [G] [CRYPTID] Loading file tag.lua
INFO - [G] [CRYPTID] Loading file test.lua
INFO - [G] [CRYPTID] Loading file voucher.lua
INFO - [G] 2025-06-17 10:42:39 :: WARN  :: Atlas :: Object cry_effarcire has the same key as an existing object, not registering.
INFO - [G] 2025-06-17 10:42:39 :: WARN  :: Atlas :: If you want to modify an existing object, use take_ownership()
INFO - [G] 2025-06-17 10:42:39 :: INFO  :: TIMER :: [0000] Injected Fonts in 0.001 ms
INFO - [G] 2025-06-17 10:42:39 :: INFO  :: TIMER :: [0000] Injected Language in 0.001 ms
INFO - [G] 2025-06-17 10:42:39 :: INFO  :: TIMER :: [0000] Injected [INTERNAL] in 1.539 ms
INFO - [G] 2025-06-17 10:42:40 :: INFO  :: TIMER :: [0031] Injected Atlas in 1189.872 ms
INFO - [G] 2025-06-17 10:42:40 :: INFO  :: TIMER :: [0032] Injected Sound in 30.832 ms
INFO - [G] 2025-06-17 10:42:40 :: INFO  :: TIMER :: [0032] Injected Stake in 1.140 ms
INFO - [G] 2025-06-17 10:42:40 :: INFO  :: TIMER :: [0008] Injected Rarity in 0.055 ms
INFO - [G] 2025-06-17 10:42:40 :: INFO  :: TIMER :: [0010] Injected ObjectType in 0.253 ms
INFO - [G] 2025-06-17 10:42:40 :: INFO  :: TIMER :: [0408] Injected Center in 2.978 ms
INFO - [G] 2025-06-17 10:42:40 :: INFO  :: TIMER :: [0009] Injected Undiscovered Sprite in 0.022 ms
INFO - [G] 2025-06-17 10:42:40 :: INFO  :: TIMER :: [0031] Injected Blind in 0.131 ms
INFO - [G] 2025-06-17 10:42:40 :: INFO  :: TIMER :: [0006] Injected Seal in 0.235 ms
INFO - [G] 2025-06-17 10:42:40 :: INFO  :: TIMER :: [0004] Injected Suit in 0.130 ms
INFO - [G] 2025-06-17 10:42:40 :: INFO  :: TIMER :: [0013] Injected Rank in 0.107 ms
INFO - [G] 2025-06-17 10:42:40 :: INFO  :: TIMER :: [0020] Injected DeckSkin in 0.189 ms
INFO - [G] 2025-06-17 10:42:40 :: INFO  :: TIMER :: [0017] Injected PokerHand in 0.108 ms
INFO - [G] 2025-06-17 10:42:40 :: INFO  :: TIMER :: [0031] Injected Challenge in 0.082 ms
INFO - [G] 2025-06-17 10:42:40 :: INFO  :: TIMER :: [0028] Injected Tag in 0.094 ms
INFO - [G] 2025-06-17 10:42:40 :: INFO  :: TIMER :: [0010] Injected Sticker in 0.266 ms
INFO - [G] 2025-06-17 10:42:41 :: INFO  :: TIMER :: [0009] Injected Shader in 713.687 ms
INFO - [G] 2025-06-17 10:42:41 :: INFO  :: TIMER :: [0002] Injected Keybind in 0.018 ms
INFO - [G] 2025-06-17 10:42:41 :: INFO  :: TIMER :: [0022] Injected Achievement in 0.108 ms
INFO - [G] 2025-06-17 10:42:41 :: INFO  :: TIMER :: [0002] Injected nil in 0.039 ms
INFO - [G] 2025-06-17 10:42:41 :: INFO  :: TIMER :: [0023] Injected Draw Step in 0.149 ms
INFO - [G] 2025-06-17 10:42:41 :: INFO  :: TIMER :: [0000] Injected [INTERNAL] in 11.074 ms
INFO - [G] 2025-06-17 10:42:41 :: INFO  :: TIMER :: [0010] Injected Other in 0.575 ms
INFO - [♥] Applied 0 patches to '=[SMODS _ "smods-https-thread.lua"]'
INFO - [G] 2025-06-17 10:42:46 :: DEBUG :: SMODS.https(1) :: Using https module backend
